<?xml version="1.0" encoding="UTF-8"?>
<testsuite xmlns:xsi="http://www.w3.org/2001/XMLSchema-instance" xsi:noNamespaceSchemaLocation="https://maven.apache.org/surefire/maven-surefire-plugin/xsd/surefire-test-report-3.0.xsd" version="3.0" name="com.carcomparer.car_comparer.CarComparerApplicationTests" time="15.405" tests="1" errors="0" skipped="0" failures="0">
  <properties>
[...]
</properties>
  <testcase name="contextLoads" classname="com.carcomparer.car_comparer.CarComparerApplicationTests" time="1.194">
    <system-out><![CDATA[Standard Commons Logging discovery in action with spring-jcl: please remove commons-logging.jar from classpath in order to avoid potential conflicts
17:33:09.785 [main] INFO org.springframework.test.context.support.AnnotationConfigContextLoaderUtils -- Could not detect default configuration classes for test class [com.carcomparer.car_comparer.CarComparerApplicationTests]: CarComparerApplicationTests does not declare any static, non-private, non-final, nested classes annotated with @Configuration.
17:33:10.042 [main] INFO org.springframework.boot.test.context.SpringBootTestContextBootstrapper -- Found @SpringBootConfiguration com.carcomparer.car_comparer.CarComparerApplication for test class com.carcomparer.car_comparer.CarComparerApplicationTests
  .   ____          _            __ _ _
 /\\ / ___'_ __ _ _(_)_ __  __ _ \ \ \ \
( ( )\___ | '_ | '_| | '_ \/ _` | \ \ \ \
 \\/  ___)| |_)| | | | | || (_| |  ) ) ) )
  '  |____| .__|_| |_|_| |_\__, | / / / /
 =========|_|==============|___/=/_/_/_/

 :: Spring Boot ::                (v3.3.0)

2026-04-13T17:33:11.147-07:00  INFO 20692 --- [car_comparer] [           main] c.c.c.CarComparerApplicationTests        : Starting CarComparerApplicationTests using Java 21.0.3 with PID 20692 (started by angel.bueno in C:\Users\angel.bueno\Desktop\OP\car_comparer)
2026-04-13T17:33:11.150-07:00  INFO 20692 --- [car_comparer] [           main] c.c.c.CarComparerApplicationTests        : No active profile set, falling back to 1 default profile: "default"
2026-04-13T17:33:13.387-07:00  INFO 20692 --- [car_comparer] [           main] .s.d.r.c.RepositoryConfigurationDelegate : Bootstrapping Spring Data JPA repositories in DEFAULT mode.
2026-04-13T17:33:13.517-07:00  INFO 20692 --- [car_comparer] [           main] .s.d.r.c.RepositoryConfigurationDelegate : Finished Spring Data repository scanning in 114 ms. Found 1 JPA repository interface.
2026-04-13T17:33:15.076-07:00  INFO 20692 --- [car_comparer] [           main] o.hibernate.jpa.internal.util.LogHelper  : HHH000204: Processing PersistenceUnitInfo [name: default]
2026-04-13T17:33:15.240-07:00  INFO 20692 --- [car_comparer] [           main] org.hibernate.Version                    : HHH000412: Hibernate ORM core version 6.5.2.Final
2026-04-13T17:33:15.328-07:00  INFO 20692 --- [car_comparer] [           main] o.h.c.internal.RegionFactoryInitiator    : HHH000026: Second-level cache disabled
2026-04-13T17:33:16.261-07:00  INFO 20692 --- [car_comparer] [           main] o.s.o.j.p.SpringPersistenceUnitInfo      : No LoadTimeWeaver setup: ignoring JPA class transformer
2026-04-13T17:33:16.323-07:00  INFO 20692 --- [car_comparer] [           main] com.zaxxer.hikari.HikariDataSource       : HikariPool-1 - Starting...
2026-04-13T17:33:16.703-07:00  INFO 20692 --- [car_comparer] [           main] com.zaxxer.hikari.pool.HikariPool        : HikariPool-1 - Added connection conn0: url=jdbc:h2:mem:car_db user=SA
2026-04-13T17:33:16.707-07:00  INFO 20692 --- [car_comparer] [           main] com.zaxxer.hikari.HikariDataSource       : HikariPool-1 - Start completed.
2026-04-13T17:33:18.559-07:00  INFO 20692 --- [car_comparer] [           main] o.h.e.t.j.p.i.JtaPlatformInitiator       : HHH000489: No JTA platform available (set 'hibernate.transaction.jta.platform' to enable JTA platform integration)
Hibernate: 
    create table car_entity (
        id bigint generated by default as identity,
        brand varchar(255),
        model varchar(255),
        user_id bigint,
        "year" integer,
        car_feature_id bigint,
        technical_spec_id bigint,
        primary key (id)
    )
Hibernate: 
    create table feature_entity (
        id bigint generated by default as identity,
        climate_zones integer,
        has_adaptive_cruise_control boolean,
        has_android_auto boolean,
        has_apple_car_play boolean,
        has_blind_spot_monitor boolean,
        has_sunroof boolean,
        interior_material varchar(255),
        sound_system_brand varchar(255),
        primary key (id)
    )
Hibernate: 
    create table technical_specs_entity (
        id bigint generated by default as identity,
        adas varchar(255),
        airbags smallint not null,
        fr_suspension varchar(255),
        aceleration float(53) not null,
        aspiration varchar(255),
        braking_system varchar(255),
        cc float(53) not null,
        city_kmpl float(53) not null,
        combined_kmpl float(53) not null,
        drivetrain varchar(255),
        engine_type varchar(255),
        fuel_tank float(53) not null,
        ground_clearance float(53) not null,
        heigth float(53) not null,
        highway_kmpl float(53) not null,
        hp float(53) not null,
        length float(53) not null,
        lsd float(53) not null,
        max_torque float(53) not null,
        max_velocity float(53) not null,
        power_engine_ratio float(53) not null,
        range float(53) not null,
        seats smallint not null,
        speeds smallint not null,
        transmission_type varchar(255),
        trunk float(53) not null,
        weight float(53) not null,
        wheelbase float(53) not null,
        width float(53) not null,
        primary key (id)
    )
Hibernate: 
    alter table if exists car_entity 
       drop constraint if exists UKto3nbte9f6vf4ytc7qlqde9x9
Hibernate: 
    alter table if exists car_entity 
       add constraint UKto3nbte9f6vf4ytc7qlqde9x9 unique (car_feature_id)
Hibernate: 
    alter table if exists car_entity 
       drop constraint if exists UKhcfugvmpnncl7ae9354y0eim6
Hibernate: 
    alter table if exists car_entity 
       add constraint UKhcfugvmpnncl7ae9354y0eim6 unique (technical_spec_id)
Hibernate: 
    alter table if exists car_entity 
       add constraint FKa8a6ec369ok5b295aiosgbneu 
       foreign key (car_feature_id) 
       references feature_entity
Hibernate: 
    alter table if exists car_entity 
       add constraint FK3yqyp6t7neo4wb23m6hnhe5wc 
       foreign key (technical_spec_id) 
       references technical_specs_entity
2026-04-13T17:33:18.691-07:00  INFO 20692 --- [car_comparer] [           main] j.LocalContainerEntityManagerFactoryBean : Initialized JPA EntityManagerFactory for persistence unit 'default'
2026-04-13T17:33:20.044-07:00  WARN 20692 --- [car_comparer] [           main] JpaBaseConfiguration$JpaWebConfiguration : spring.jpa.open-in-view is enabled by default. Therefore, database queries may be performed during view rendering. Explicitly configure spring.jpa.open-in-view to disable this warning
2026-04-13T17:33:22.236-07:00  INFO 20692 --- [car_comparer] [           main] o.s.b.a.h2.H2ConsoleAutoConfiguration    : H2 console available at '/h2-console'. Database available at 'jdbc:h2:mem:car_db'
2026-04-13T17:33:22.394-07:00  INFO 20692 --- [car_comparer] [           main] o.s.b.a.e.web.EndpointLinksResolver      : Exposing 1 endpoint beneath base path '/actuator'
2026-04-13T17:33:22.595-07:00  INFO 20692 --- [car_comparer] [           main] c.c.c.CarComparerApplicationTests        : Started CarComparerApplicationTests in 12.158 seconds (process running for 14.693)
Hibernate: 
    select
        count(*) 
    from
        car_entity ce1_0
Hibernate: 
    insert 
    into
        feature_entity
        (climate_zones, has_adaptive_cruise_control, has_android_auto, has_apple_car_play, has_blind_spot_monitor, has_sunroof, interior_material, sound_system_brand, id) 
    values
        (?, ?, ?, ?, ?, ?, ?, ?, default)
Hibernate: 
    insert 
    into
        technical_specs_entity
        (adas, airbags, fr_suspension, aceleration, aspiration, braking_system, cc, city_kmpl, combined_kmpl, drivetrain, engine_type, fuel_tank, ground_clearance, heigth, highway_kmpl, hp, length, lsd, max_torque, max_velocity, power_engine_ratio, range, seats, speeds, transmission_type, trunk, weight, wheelbase, width, id) 
    values
        (?, ?, ?, ?, ?, ?, ?, ?, ?, ?, ?, ?, ?, ?, ?, ?, ?, ?, ?, ?, ?, ?, ?, ?, ?, ?, ?, ?, ?, default)
Hibernate: 
    insert 
    into
        car_entity
        (brand, car_feature_id, model, technical_spec_id, user_id, "year", id) 
    values
        (?, ?, ?, ?, ?, ?, default)
]]></system-out>
    <system-err><![CDATA[WARNING: A Java agent has been loaded dynamically (C:\Users\angel.bueno\.m2\repository\net\bytebuddy\byte-buddy-agent\1.14.16\byte-buddy-agent-1.14.16.jar)
WARNING: If a serviceability tool is in use, please run with -XX:+EnableDynamicAgentLoading to hide this warning
WARNING: If a serviceability tool is not in use, please run with -Djdk.instrument.traceUsage for more information
WARNING: Dynamic loading of agents will be disallowed by default in a future release
]]></system-err>
  </testcase>
</testsuite>